<?xml version="1.0" encoding="UTF-8"?>
<!-- Generated by org.testng.reporters.JUnitReportReporter -->
<testsuite hostname="dnyanesh-Lenovo-Z50-70" name="com.appium.testng.appiumSampleProject.MobileGestures" tests="2" failures="0" timestamp="23 Feb 2016 16:40:59 GMT" time="1.291" errors="0">
  <testcase name="swipeLeft" time="0.658" classname="com.appium.testng.appiumSampleProject.MobileGestures"/>
  <testcase name="swipeRight" time="0.633" classname="com.appium.testng.appiumSampleProject.MobileGestures"/>
</testsuite> <!-- com.appium.testng.appiumSampleProject.MobileGestures -->
