<?xml version="1.0" encoding="UTF-8"?>
<!-- Generated by org.testng.reporters.JUnitReportReporter -->
<testsuite hostname="dnyanesh-Lenovo-Z50-70" name="com.appium.NativeApps.MobileGestures" tests="2" failures="0" timestamp="23 Feb 2016 17:33:55 GMT" time="0.720" errors="0">
  <testcase name="swipeRight" time="0.002" classname="com.appium.NativeApps.MobileGestures"/>
  <testcase name="swipeLeft" time="0.718" classname="com.appium.NativeApps.MobileGestures"/>
</testsuite> <!-- com.appium.NativeApps.MobileGestures -->
