<?xml version="1.0" encoding="UTF-8"?>
<!-- Generated by org.testng.reporters.JUnitReportReporter -->
<testsuite hostname="dnyanesh-Lenovo-Z50-70" name="com.appium.testng.appiumSampleProject.Dialler" tests="1" failures="0" timestamp="23 Feb 2016 08:36:36 GMT" time="9.610" errors="0">
  <testcase name="setUp" time="9.610" classname="com.appium.testng.appiumSampleProject.Dialler"/>
</testsuite> <!-- com.appium.testng.appiumSampleProject.Dialler -->
