<?xml version="1.0" encoding="UTF-8"?>
<!-- Generated by org.testng.reporters.JUnitReportReporter -->
<testsuite hostname="dnyanesh-Lenovo-Z50-70" name="com.appium.testng.appiumSampleProject.Calculator" tests="1" failures="0" timestamp="23 Feb 2016 14:00:33 GMT" time="4.307" errors="0">
  <testcase name="addANumber" time="4.307" classname="com.appium.testng.appiumSampleProject.Calculator"/>
</testsuite> <!-- com.appium.testng.appiumSampleProject.Calculator -->
